c:\users\hanti\source\repos\dxgl purged\application\release\vc143.pdb
c:\users\hanti\source\repos\dxgl purged\application\release\shader.obj
c:\users\hanti\source\repos\dxgl purged\application\release\sceneassignment2.obj
c:\users\hanti\source\repos\dxgl purged\application\release\mousecontroller.obj
c:\users\hanti\source\repos\dxgl purged\application\release\meshbuilder.obj
c:\users\hanti\source\repos\dxgl purged\application\release\mesh.obj
c:\users\hanti\source\repos\dxgl purged\application\release\matrixstack.obj
c:\users\hanti\source\repos\dxgl purged\application\release\main.obj
c:\users\hanti\source\repos\dxgl purged\application\release\loadtga.obj
c:\users\hanti\source\repos\dxgl purged\application\release\loadobj.obj
c:\users\hanti\source\repos\dxgl purged\application\release\gameobject.obj
c:\users\hanti\source\repos\dxgl purged\application\release\camerafps.obj
c:\users\hanti\source\repos\dxgl purged\application\release\camera.obj
c:\users\hanti\source\repos\dxgl purged\application\release\application.obj
c:\users\hanti\source\repos\dxgl purged\application\release\altazcamera.obj
c:\users\hanti\source\repos\dxgl purged\release\application.exe
c:\users\hanti\source\repos\dxgl purged\application\release\application.ipdb
c:\users\hanti\source\repos\dxgl purged\application\release\application.iobj
c:\users\hanti\source\repos\dxgl purged\release\application.pdb
c:\users\hanti\source\repos\dxgl purged\application\release\application.tlog\cl.command.1.tlog
c:\users\hanti\source\repos\dxgl purged\application\release\application.tlog\cl.read.1.tlog
c:\users\hanti\source\repos\dxgl purged\application\release\application.tlog\cl.write.1.tlog
c:\users\hanti\source\repos\dxgl purged\application\release\application.tlog\link.command.1.tlog
c:\users\hanti\source\repos\dxgl purged\application\release\application.tlog\link.read.1.tlog
c:\users\hanti\source\repos\dxgl purged\application\release\application.tlog\link.write.1.tlog
